<?xml version="1.0" encoding="utf-8"?>
<coverage line-rate="1" branch-rate="1" version="1.9" timestamp="1650891257" lines-covered="6" lines-valid="6" branches-covered="0" branches-valid="0">
  <sources>
    <source>C:\Users\mapaula\Desktop\Projetos\calcula-juros\</source>
  </sources>
  <packages>
    <package name="CalculaJuros" line-rate="1" branch-rate="1" complexity="0">
      <classes />
    </package>
    <package name="CalculaJuros.Domain" line-rate="1" branch-rate="1" complexity="1">
      <classes>
        <class name="CalculaJuros.CalculaJurosService" filename="CalculaJuros.Domain\Services\CalculaJurosService.cs" line-rate="1" branch-rate="1" complexity="1">
          <methods>
            <method name="CalculaJurosCompostos" signature="(CalculaJuros.Entities.Entidades.ParametrosCalculaJuros)" line-rate="1" branch-rate="1" complexity="1">
              <lines>
                <line number="11" hits="1" branch="False" />
                <line number="12" hits="1" branch="False" />
                <line number="14" hits="1" branch="False" />
                <line number="15" hits="1" branch="False" />
              </lines>
            </method>
          </methods>
          <lines>
            <line number="11" hits="1" branch="False" />
            <line number="12" hits="1" branch="False" />
            <line number="14" hits="1" branch="False" />
            <line number="15" hits="1" branch="False" />
          </lines>
        </class>
      </classes>
    </package>
    <package name="CalculaJuros.Entities" line-rate="1" branch-rate="1" complexity="2">
      <classes>
        <class name="CalculaJuros.Entities.Entidades.ParametrosCalculaJuros" filename="CalculaJuros.Entities\Entidades\ParametrosCalculaJuros.cs" line-rate="1" branch-rate="1" complexity="2">
          <methods>
            <method name="get_ValorInicial" signature="()" line-rate="1" branch-rate="1" complexity="1">
              <lines>
                <line number="6" hits="2" branch="False" />
              </lines>
            </method>
            <method name="get_Tempo" signature="()" line-rate="1" branch-rate="1" complexity="1">
              <lines>
                <line number="7" hits="2" branch="False" />
              </lines>
            </method>
          </methods>
          <lines>
            <line number="6" hits="2" branch="False" />
            <line number="7" hits="2" branch="False" />
          </lines>
        </class>
      </classes>
    </package>
  </packages>
</coverage>